[2020-03-31 20:41:18.855] [renderer1] [warning] {"name":"Canceled"}
[2020-03-31 20:41:22.355] [renderer1] [warning] {"name":"Canceled"}
[2020-03-31 20:56:44.942] [renderer1] [error] <syntax> TypeScript Server Error (3.8.3)
Maximum call stack size exceeded
RangeError: Maximum call stack size exceeded
    at String.replace (<anonymous>)
    at cleanText (tsserver.js:117016:25)
    at getItemName (tsserver.js:116775:28)
    at convertToTree (tsserver.js:116872:23)
    at Object.map (tsserver.js:401:29)
    at convertToTree (tsserver.js:116877:32)
    at Object.map (tsserver.js:401:29)
    at convertToTree (tsserver.js:116877:32)
    at Object.map (tsserver.js:401:29)
    at convertToTree (tsserver.js:116877:32)
    at Object.map (tsserver.js:401:29)
    at convertToTree (tsserver.js:116877:32)
    at Object.map (tsserver.js:401:29)
    at convertToTree (tsserver.js:116877:32)
    at Object.map (tsserver.js:401:29)
    at convertToTree (tsserver.js:116877:32)
    at Object.map (tsserver.js:401:29)
    at convertToTree (tsserver.js:116877:32)
    at Object.map (tsserver.js:401:29)
    at convertToTree (tsserver.js:116877:32)
    at Object.map (tsserver.js:401:29)
    at convertToTree (tsserver.js:116877:32)
    at Object.map (tsserver.js:401:29)
    at convertToTree (tsserver.js:116877:32)
    at Object.map (tsserver.js:401:29)
    at convertToTree (tsserver.js:116877:32)
    at Object.map (tsserver.js:401:29)
    at convertToTree (tsserver.js:116877:32)
    at Object.map (tsserver.js:401:29)
    at convertToTree (tsserver.js:116877:32)
    at Object.map (tsserver.js:401:29)
    at convertToTree (tsserver.js:116877:32)
    at Object.map (tsserver.js:401:29)
    at convertToTree (tsserver.js:116877:32)
    at Object.map (tsserver.js:401:29)
    at convertToTree (tsserver.js:116877:32)
    at Object.map (tsserver.js:401:29)
    at convertToTree (tsserver.js:116877:32)
    at Object.map (tsserver.js:401:29)
    at convertToTree (tsserver.js:116877:32)
    at Object.map (tsserver.js:401:29)
    at convertToTree (tsserver.js:116877:32)
    at Object.map (tsserver.js:401:29)
    at convertToTree (tsserver.js:116877:32)
    at Object.map (tsserver.js:401:29)
    at convertToTree (tsserver.js:116877:32)
    at Object.map (tsserver.js:401:29)
    at convertToTree (tsserver.js:116877:32)
    at Object.map (tsserver.js:401:29)
    at convertToTree (tsserver.js:116877:32)
    at Object.map (tsserver.js:401:29)
    at convertToTree (tsserver.js:116877:32)
    at Object.map (tsserver.js:401:29)
    at convertToTree (tsserver.js:116877:32)
    at Object.map (tsserver.js:401:29)
    at convertToTree (tsserver.js:116877:32)
    at Object.map (tsserver.js:401:29)
    at convertToTree (tsserver.js:116877:32)
    at Object.map (tsserver.js:401:29)
    at convertToTree (tsserver.js:116877:32)
    at Object.map (tsserver.js:401:29)
    at convertToTree (tsserver.js:116877:32)
    at Object.map (tsserver.js:401:29)
    at convertToTree (tsserver.js:116877:32)
    at Object.map (tsserver.js:401:29)
    at convertToTree (tsserver.js:116877:32)
    at Object.map (tsserver.js:401:29)
    at convertToTree (tsserver.js:116877:32)
    at Object.map (tsserver.js:401:29)
    at convertToTree (tsserver.js:116877:32)
    at Object.map (tsserver.js:401:29)
    at convertToTree (tsserver.js:116877:32)
    at Object.map (tsserver.js:401:29)
    at convertToTree (tsserver.js:116877:32)
    at Object.map (tsserver.js:401:29)
    at convertToTree (tsserver.js:116877:32)
    at Object.map (tsserver.js:401:29)
    at convertToTree (tsserver.js:116877:32)
    at Object.map (tsserver.js:401:29)
    at convertToTree (tsserver.js:116877:32)
    at Object.map (tsserver.js:401:29)
    at convertToTree (tsserver.js:116877:32)
    at Object.map (tsserver.js:401:29)
    at convertToTree (tsserver.js:116877:32)
    at Object.map (tsserver.js:401:29)
    at convertToTree (tsserver.js:116877:32)
    at Object.map (tsserver.js:401:29)
    at convertToTree (tsserver.js:116877:32)
    at Object.map (tsserver.js:401:29)
    at convertToTree (tsserver.js:116877:32)
    at Object.map (tsserver.js:401:29)
    at convertToTree (tsserver.js:116877:32)
    at Object.map (tsserver.js:401:29)
    at convertToTree (tsserver.js:116877:32)
    at Object.map (tsserver.js:401:29)
    at convertToTree (tsserver.js:116877:32)
    at Object.map (tsserver.js:401:29)
    at convertToTree (tsserver.js:116877:32)
    at Object.map (tsserver.js:401:29)
    at convertToTree (tsserver.js:116877:32): Error: <syntax> TypeScript Server Error (3.8.3)
Maximum call stack size exceeded
RangeError: Maximum call stack size exceeded
    at String.replace (<anonymous>)
    at cleanText (tsserver.js:117016:25)
    at getItemName (tsserver.js:116775:28)
    at convertToTree (tsserver.js:116872:23)
    at Object.map (tsserver.js:401:29)
    at convertToTree (tsserver.js:116877:32)
    at Object.map (tsserver.js:401:29)
    at convertToTree (tsserver.js:116877:32)
    at Object.map (tsserver.js:401:29)
    at convertToTree (tsserver.js:116877:32)
    at Object.map (tsserver.js:401:29)
    at convertToTree (tsserver.js:116877:32)
    at Object.map (tsserver.js:401:29)
    at convertToTree (tsserver.js:116877:32)
    at Object.map (tsserver.js:401:29)
    at convertToTree (tsserver.js:116877:32)
    at Object.map (tsserver.js:401:29)
    at convertToTree (tsserver.js:116877:32)
    at Object.map (tsserver.js:401:29)
    at convertToTree (tsserver.js:116877:32)
    at Object.map (tsserver.js:401:29)
    at convertToTree (tsserver.js:116877:32)
    at Object.map (tsserver.js:401:29)
    at convertToTree (tsserver.js:116877:32)
    at Object.map (tsserver.js:401:29)
    at convertToTree (tsserver.js:116877:32)
    at Object.map (tsserver.js:401:29)
    at convertToTree (tsserver.js:116877:32)
    at Object.map (tsserver.js:401:29)
    at convertToTree (tsserver.js:116877:32)
    at Object.map (tsserver.js:401:29)
    at convertToTree (tsserver.js:116877:32)
    at Object.map (tsserver.js:401:29)
    at convertToTree (tsserver.js:116877:32)
    at Object.map (tsserver.js:401:29)
    at convertToTree (tsserver.js:116877:32)
    at Object.map (tsserver.js:401:29)
    at convertToTree (tsserver.js:116877:32)
    at Object.map (tsserver.js:401:29)
    at convertToTree (tsserver.js:116877:32)
    at Object.map (tsserver.js:401:29)
    at convertToTree (tsserver.js:116877:32)
    at Object.map (tsserver.js:401:29)
    at convertToTree (tsserver.js:116877:32)
    at Object.map (tsserver.js:401:29)
    at convertToTree (tsserver.js:116877:32)
    at Object.map (tsserver.js:401:29)
    at convertToTree (tsserver.js:116877:32)
    at Object.map (tsserver.js:401:29)
    at convertToTree (tsserver.js:116877:32)
    at Object.map (tsserver.js:401:29)
    at convertToTree (tsserver.js:116877:32)
    at Object.map (tsserver.js:401:29)
    at convertToTree (tsserver.js:116877:32)
    at Object.map (tsserver.js:401:29)
    at convertToTree (tsserver.js:116877:32)
    at Object.map (tsserver.js:401:29)
    at convertToTree (tsserver.js:116877:32)
    at Object.map (tsserver.js:401:29)
    at convertToTree (tsserver.js:116877:32)
    at Object.map (tsserver.js:401:29)
    at convertToTree (tsserver.js:116877:32)
    at Object.map (tsserver.js:401:29)
    at convertToTree (tsserver.js:116877:32)
    at Object.map (tsserver.js:401:29)
    at convertToTree (tsserver.js:116877:32)
    at Object.map (tsserver.js:401:29)
    at convertToTree (tsserver.js:116877:32)
    at Object.map (tsserver.js:401:29)
    at convertToTree (tsserver.js:116877:32)
    at Object.map (tsserver.js:401:29)
    at convertToTree (tsserver.js:116877:32)
    at Object.map (tsserver.js:401:29)
    at convertToTree (tsserver.js:116877:32)
    at Object.map (tsserver.js:401:29)
    at convertToTree (tsserver.js:116877:32)
    at Object.map (tsserver.js:401:29)
    at convertToTree (tsserver.js:116877:32)
    at Object.map (tsserver.js:401:29)
    at convertToTree (tsserver.js:116877:32)
    at Object.map (tsserver.js:401:29)
    at convertToTree (tsserver.js:116877:32)
    at Object.map (tsserver.js:401:29)
    at convertToTree (tsserver.js:116877:32)
    at Object.map (tsserver.js:401:29)
    at convertToTree (tsserver.js:116877:32)
    at Object.map (tsserver.js:401:29)
    at convertToTree (tsserver.js:116877:32)
    at Object.map (tsserver.js:401:29)
    at convertToTree (tsserver.js:116877:32)
    at Object.map (tsserver.js:401:29)
    at convertToTree (tsserver.js:116877:32)
    at Object.map (tsserver.js:401:29)
    at convertToTree (tsserver.js:116877:32)
    at Object.map (tsserver.js:401:29)
    at convertToTree (tsserver.js:116877:32)
    at Object.map (tsserver.js:401:29)
    at convertToTree (tsserver.js:116877:32)
    at Object.map (tsserver.js:401:29)
    at convertToTree (tsserver.js:116877:32)
	at Function.create (/usr/share/code/resources/app/extensions/typescript-language-features/dist/extension.js:1:49958)
	at h.dispatchResponse (/usr/share/code/resources/app/extensions/typescript-language-features/dist/extension.js:1:216914)
	at h.dispatchMessage (/usr/share/code/resources/app/extensions/typescript-language-features/dist/extension.js:1:215832)
	at /usr/share/code/resources/app/extensions/typescript-language-features/dist/extension.js:1:215308
	at l.fire (/usr/share/code/resources/app/out/vs/workbench/services/extensions/node/extensionHostProcess.js:48:845)
	at t.Reader.onLengthData (/usr/share/code/resources/app/extensions/typescript-language-features/dist/extension.js:1:223870)
	at Socket.<anonymous> (/usr/share/code/resources/app/extensions/typescript-language-features/dist/extension.js:1:223518)
	at Socket.emit (events.js:203:13)
	at addChunk (_stream_readable.js:295:12)
	at readableAddChunk (_stream_readable.js:276:11)
	at Socket.Readable.push (_stream_readable.js:210:10)
	at Pipe.onStreamRead (internal/stream_base_commons.js:166:17)
[2020-03-31 20:56:52.413] [renderer1] [error] <syntax> TypeScript Server Error (3.8.3)
Maximum call stack size exceeded
RangeError: Maximum call stack size exceeded
    at String.replace (<anonymous>)
    at cleanText (tsserver.js:117016:25)
    at getItemName (tsserver.js:116775:28)
    at convertToTree (tsserver.js:116872:23)
    at Object.map (tsserver.js:401:29)
    at convertToTree (tsserver.js:116877:32)
    at Object.map (tsserver.js:401:29)
    at convertToTree (tsserver.js:116877:32)
    at Object.map (tsserver.js:401:29)
    at convertToTree (tsserver.js:116877:32)
    at Object.map (tsserver.js:401:29)
    at convertToTree (tsserver.js:116877:32)
    at Object.map (tsserver.js:401:29)
    at convertToTree (tsserver.js:116877:32)
    at Object.map (tsserver.js:401:29)
    at convertToTree (tsserver.js:116877:32)
    at Object.map (tsserver.js:401:29)
    at convertToTree (tsserver.js:116877:32)
    at Object.map (tsserver.js:401:29)
    at convertToTree (tsserver.js:116877:32)
    at Object.map (tsserver.js:401:29)
    at convertToTree (tsserver.js:116877:32)
    at Object.map (tsserver.js:401:29)
    at convertToTree (tsserver.js:116877:32)
    at Object.map (tsserver.js:401:29)
    at convertToTree (tsserver.js:116877:32)
    at Object.map (tsserver.js:401:29)
    at convertToTree (tsserver.js:116877:32)
    at Object.map (tsserver.js:401:29)
    at convertToTree (tsserver.js:116877:32)
    at Object.map (tsserver.js:401:29)
    at convertToTree (tsserver.js:116877:32)
    at Object.map (tsserver.js:401:29)
    at convertToTree (tsserver.js:116877:32)
    at Object.map (tsserver.js:401:29)
    at convertToTree (tsserver.js:116877:32)
    at Object.map (tsserver.js:401:29)
    at convertToTree (tsserver.js:116877:32)
    at Object.map (tsserver.js:401:29)
    at convertToTree (tsserver.js:116877:32)
    at Object.map (tsserver.js:401:29)
    at convertToTree (tsserver.js:116877:32)
    at Object.map (tsserver.js:401:29)
    at convertToTree (tsserver.js:116877:32)
    at Object.map (tsserver.js:401:29)
    at convertToTree (tsserver.js:116877:32)
    at Object.map (tsserver.js:401:29)
    at convertToTree (tsserver.js:116877:32)
    at Object.map (tsserver.js:401:29)
    at convertToTree (tsserver.js:116877:32)
    at Object.map (tsserver.js:401:29)
    at convertToTree (tsserver.js:116877:32)
    at Object.map (tsserver.js:401:29)
    at convertToTree (tsserver.js:116877:32)
    at Object.map (tsserver.js:401:29)
    at convertToTree (tsserver.js:116877:32)
    at Object.map (tsserver.js:401:29)
    at convertToTree (tsserver.js:116877:32)
    at Object.map (tsserver.js:401:29)
    at convertToTree (tsserver.js:116877:32)
    at Object.map (tsserver.js:401:29)
    at convertToTree (tsserver.js:116877:32)
    at Object.map (tsserver.js:401:29)
    at convertToTree (tsserver.js:116877:32)
    at Object.map (tsserver.js:401:29)
    at convertToTree (tsserver.js:116877:32)
    at Object.map (tsserver.js:401:29)
    at convertToTree (tsserver.js:116877:32)
    at Object.map (tsserver.js:401:29)
    at convertToTree (tsserver.js:116877:32)
    at Object.map (tsserver.js:401:29)
    at convertToTree (tsserver.js:116877:32)
    at Object.map (tsserver.js:401:29)
    at convertToTree (tsserver.js:116877:32)
    at Object.map (tsserver.js:401:29)
    at convertToTree (tsserver.js:116877:32)
    at Object.map (tsserver.js:401:29)
    at convertToTree (tsserver.js:116877:32)
    at Object.map (tsserver.js:401:29)
    at convertToTree (tsserver.js:116877:32)
    at Object.map (tsserver.js:401:29)
    at convertToTree (tsserver.js:116877:32)
    at Object.map (tsserver.js:401:29)
    at convertToTree (tsserver.js:116877:32)
    at Object.map (tsserver.js:401:29)
    at convertToTree (tsserver.js:116877:32)
    at Object.map (tsserver.js:401:29)
    at convertToTree (tsserver.js:116877:32)
    at Object.map (tsserver.js:401:29)
    at convertToTree (tsserver.js:116877:32)
    at Object.map (tsserver.js:401:29)
    at convertToTree (tsserver.js:116877:32)
    at Object.map (tsserver.js:401:29)
    at convertToTree (tsserver.js:116877:32)
    at Object.map (tsserver.js:401:29)
    at convertToTree (tsserver.js:116877:32)
    at Object.map (tsserver.js:401:29)
    at convertToTree (tsserver.js:116877:32)
    at Object.map (tsserver.js:401:29)
    at convertToTree (tsserver.js:116877:32): Error: <syntax> TypeScript Server Error (3.8.3)
Maximum call stack size exceeded
RangeError: Maximum call stack size exceeded
    at String.replace (<anonymous>)
    at cleanText (tsserver.js:117016:25)
    at getItemName (tsserver.js:116775:28)
    at convertToTree (tsserver.js:116872:23)
    at Object.map (tsserver.js:401:29)
    at convertToTree (tsserver.js:116877:32)
    at Object.map (tsserver.js:401:29)
    at convertToTree (tsserver.js:116877:32)
    at Object.map (tsserver.js:401:29)
    at convertToTree (tsserver.js:116877:32)
    at Object.map (tsserver.js:401:29)
    at convertToTree (tsserver.js:116877:32)
    at Object.map (tsserver.js:401:29)
    at convertToTree (tsserver.js:116877:32)
    at Object.map (tsserver.js:401:29)
    at convertToTree (tsserver.js:116877:32)
    at Object.map (tsserver.js:401:29)
    at convertToTree (tsserver.js:116877:32)
    at Object.map (tsserver.js:401:29)
    at convertToTree (tsserver.js:116877:32)
    at Object.map (tsserver.js:401:29)
    at convertToTree (tsserver.js:116877:32)
    at Object.map (tsserver.js:401:29)
    at convertToTree (tsserver.js:116877:32)
    at Object.map (tsserver.js:401:29)
    at convertToTree (tsserver.js:116877:32)
    at Object.map (tsserver.js:401:29)
    at convertToTree (tsserver.js:116877:32)
    at Object.map (tsserver.js:401:29)
    at convertToTree (tsserver.js:116877:32)
    at Object.map (tsserver.js:401:29)
    at convertToTree (tsserver.js:116877:32)
    at Object.map (tsserver.js:401:29)
    at convertToTree (tsserver.js:116877:32)
    at Object.map (tsserver.js:401:29)
    at convertToTree (tsserver.js:116877:32)
    at Object.map (tsserver.js:401:29)
    at convertToTree (tsserver.js:116877:32)
    at Object.map (tsserver.js:401:29)
    at convertToTree (tsserver.js:116877:32)
    at Object.map (tsserver.js:401:29)
    at convertToTree (tsserver.js:116877:32)
    at Object.map (tsserver.js:401:29)
    at convertToTree (tsserver.js:116877:32)
    at Object.map (tsserver.js:401:29)
    at convertToTree (tsserver.js:116877:32)
    at Object.map (tsserver.js:401:29)
    at convertToTree (tsserver.js:116877:32)
    at Object.map (tsserver.js:401:29)
    at convertToTree (tsserver.js:116877:32)
    at Object.map (tsserver.js:401:29)
    at convertToTree (tsserver.js:116877:32)
    at Object.map (tsserver.js:401:29)
    at convertToTree (tsserver.js:116877:32)
    at Object.map (tsserver.js:401:29)
    at convertToTree (tsserver.js:116877:32)
    at Object.map (tsserver.js:401:29)
    at convertToTree (tsserver.js:116877:32)
    at Object.map (tsserver.js:401:29)
    at convertToTree (tsserver.js:116877:32)
    at Object.map (tsserver.js:401:29)
    at convertToTree (tsserver.js:116877:32)
    at Object.map (tsserver.js:401:29)
    at convertToTree (tsserver.js:116877:32)
    at Object.map (tsserver.js:401:29)
    at convertToTree (tsserver.js:116877:32)
    at Object.map (tsserver.js:401:29)
    at convertToTree (tsserver.js:116877:32)
    at Object.map (tsserver.js:401:29)
    at convertToTree (tsserver.js:116877:32)
    at Object.map (tsserver.js:401:29)
    at convertToTree (tsserver.js:116877:32)
    at Object.map (tsserver.js:401:29)
    at convertToTree (tsserver.js:116877:32)
    at Object.map (tsserver.js:401:29)
    at convertToTree (tsserver.js:116877:32)
    at Object.map (tsserver.js:401:29)
    at convertToTree (tsserver.js:116877:32)
    at Object.map (tsserver.js:401:29)
    at convertToTree (tsserver.js:116877:32)
    at Object.map (tsserver.js:401:29)
    at convertToTree (tsserver.js:116877:32)
    at Object.map (tsserver.js:401:29)
    at convertToTree (tsserver.js:116877:32)
    at Object.map (tsserver.js:401:29)
    at convertToTree (tsserver.js:116877:32)
    at Object.map (tsserver.js:401:29)
    at convertToTree (tsserver.js:116877:32)
    at Object.map (tsserver.js:401:29)
    at convertToTree (tsserver.js:116877:32)
    at Object.map (tsserver.js:401:29)
    at convertToTree (tsserver.js:116877:32)
    at Object.map (tsserver.js:401:29)
    at convertToTree (tsserver.js:116877:32)
    at Object.map (tsserver.js:401:29)
    at convertToTree (tsserver.js:116877:32)
    at Object.map (tsserver.js:401:29)
    at convertToTree (tsserver.js:116877:32)
    at Object.map (tsserver.js:401:29)
    at convertToTree (tsserver.js:116877:32)
	at Function.create (/usr/share/code/resources/app/extensions/typescript-language-features/dist/extension.js:1:49958)
	at h.dispatchResponse (/usr/share/code/resources/app/extensions/typescript-language-features/dist/extension.js:1:216914)
	at h.dispatchMessage (/usr/share/code/resources/app/extensions/typescript-language-features/dist/extension.js:1:215832)
	at /usr/share/code/resources/app/extensions/typescript-language-features/dist/extension.js:1:215308
	at l.fire (/usr/share/code/resources/app/out/vs/workbench/services/extensions/node/extensionHostProcess.js:48:845)
	at t.Reader.onLengthData (/usr/share/code/resources/app/extensions/typescript-language-features/dist/extension.js:1:223870)
	at Socket.<anonymous> (/usr/share/code/resources/app/extensions/typescript-language-features/dist/extension.js:1:223518)
	at Socket.emit (events.js:203:13)
	at addChunk (_stream_readable.js:295:12)
	at readableAddChunk (_stream_readable.js:276:11)
	at Socket.Readable.push (_stream_readable.js:210:10)
	at Pipe.onStreamRead (internal/stream_base_commons.js:166:17)
[2020-03-31 20:56:53.605] [renderer1] [error] <syntax> TypeScript Server Error (3.8.3)
Maximum call stack size exceeded
RangeError: Maximum call stack size exceeded
    at String.replace (<anonymous>)
    at cleanText (tsserver.js:117016:25)
    at getItemName (tsserver.js:116775:28)
    at convertToTree (tsserver.js:116872:23)
    at Object.map (tsserver.js:401:29)
    at convertToTree (tsserver.js:116877:32)
    at Object.map (tsserver.js:401:29)
    at convertToTree (tsserver.js:116877:32)
    at Object.map (tsserver.js:401:29)
    at convertToTree (tsserver.js:116877:32)
    at Object.map (tsserver.js:401:29)
    at convertToTree (tsserver.js:116877:32)
    at Object.map (tsserver.js:401:29)
    at convertToTree (tsserver.js:116877:32)
    at Object.map (tsserver.js:401:29)
    at convertToTree (tsserver.js:116877:32)
    at Object.map (tsserver.js:401:29)
    at convertToTree (tsserver.js:116877:32)
    at Object.map (tsserver.js:401:29)
    at convertToTree (tsserver.js:116877:32)
    at Object.map (tsserver.js:401:29)
    at convertToTree (tsserver.js:116877:32)
    at Object.map (tsserver.js:401:29)
    at convertToTree (tsserver.js:116877:32)
    at Object.map (tsserver.js:401:29)
    at convertToTree (tsserver.js:116877:32)
    at Object.map (tsserver.js:401:29)
    at convertToTree (tsserver.js:116877:32)
    at Object.map (tsserver.js:401:29)
    at convertToTree (tsserver.js:116877:32)
    at Object.map (tsserver.js:401:29)
    at convertToTree (tsserver.js:116877:32)
    at Object.map (tsserver.js:401:29)
    at convertToTree (tsserver.js:116877:32)
    at Object.map (tsserver.js:401:29)
    at convertToTree (tsserver.js:116877:32)
    at Object.map (tsserver.js:401:29)
    at convertToTree (tsserver.js:116877:32)
    at Object.map (tsserver.js:401:29)
    at convertToTree (tsserver.js:116877:32)
    at Object.map (tsserver.js:401:29)
    at convertToTree (tsserver.js:116877:32)
    at Object.map (tsserver.js:401:29)
    at convertToTree (tsserver.js:116877:32)
    at Object.map (tsserver.js:401:29)
    at convertToTree (tsserver.js:116877:32)
    at Object.map (tsserver.js:401:29)
    at convertToTree (tsserver.js:116877:32)
    at Object.map (tsserver.js:401:29)
    at convertToTree (tsserver.js:116877:32)
    at Object.map (tsserver.js:401:29)
    at convertToTree (tsserver.js:116877:32)
    at Object.map (tsserver.js:401:29)
    at convertToTree (tsserver.js:116877:32)
    at Object.map (tsserver.js:401:29)
    at convertToTree (tsserver.js:116877:32)
    at Object.map (tsserver.js:401:29)
    at convertToTree (tsserver.js:116877:32)
    at Object.map (tsserver.js:401:29)
    at convertToTree (tsserver.js:116877:32)
    at Object.map (tsserver.js:401:29)
    at convertToTree (tsserver.js:116877:32)
    at Object.map (tsserver.js:401:29)
    at convertToTree (tsserver.js:116877:32)
    at Object.map (tsserver.js:401:29)
    at convertToTree (tsserver.js:116877:32)
    at Object.map (tsserver.js:401:29)
    at convertToTree (tsserver.js:116877:32)
    at Object.map (tsserver.js:401:29)
    at convertToTree (tsserver.js:116877:32)
    at Object.map (tsserver.js:401:29)
    at convertToTree (tsserver.js:116877:32)
    at Object.map (tsserver.js:401:29)
    at convertToTree (tsserver.js:116877:32)
    at Object.map (tsserver.js:401:29)
    at convertToTree (tsserver.js:116877:32)
    at Object.map (tsserver.js:401:29)
    at convertToTree (tsserver.js:116877:32)
    at Object.map (tsserver.js:401:29)
    at convertToTree (tsserver.js:116877:32)
    at Object.map (tsserver.js:401:29)
    at convertToTree (tsserver.js:116877:32)
    at Object.map (tsserver.js:401:29)
    at convertToTree (tsserver.js:116877:32)
    at Object.map (tsserver.js:401:29)
    at convertToTree (tsserver.js:116877:32)
    at Object.map (tsserver.js:401:29)
    at convertToTree (tsserver.js:116877:32)
    at Object.map (tsserver.js:401:29)
    at convertToTree (tsserver.js:116877:32)
    at Object.map (tsserver.js:401:29)
    at convertToTree (tsserver.js:116877:32)
    at Object.map (tsserver.js:401:29)
    at convertToTree (tsserver.js:116877:32)
    at Object.map (tsserver.js:401:29)
    at convertToTree (tsserver.js:116877:32)
    at Object.map (tsserver.js:401:29)
    at convertToTree (tsserver.js:116877:32)
    at Object.map (tsserver.js:401:29)
    at convertToTree (tsserver.js:116877:32): Error: <syntax> TypeScript Server Error (3.8.3)
Maximum call stack size exceeded
RangeError: Maximum call stack size exceeded
    at String.replace (<anonymous>)
    at cleanText (tsserver.js:117016:25)
    at getItemName (tsserver.js:116775:28)
    at convertToTree (tsserver.js:116872:23)
    at Object.map (tsserver.js:401:29)
    at convertToTree (tsserver.js:116877:32)
    at Object.map (tsserver.js:401:29)
    at convertToTree (tsserver.js:116877:32)
    at Object.map (tsserver.js:401:29)
    at convertToTree (tsserver.js:116877:32)
    at Object.map (tsserver.js:401:29)
    at convertToTree (tsserver.js:116877:32)
    at Object.map (tsserver.js:401:29)
    at convertToTree (tsserver.js:116877:32)
    at Object.map (tsserver.js:401:29)
    at convertToTree (tsserver.js:116877:32)
    at Object.map (tsserver.js:401:29)
    at convertToTree (tsserver.js:116877:32)
    at Object.map (tsserver.js:401:29)
    at convertToTree (tsserver.js:116877:32)
    at Object.map (tsserver.js:401:29)
    at convertToTree (tsserver.js:116877:32)
    at Object.map (tsserver.js:401:29)
    at convertToTree (tsserver.js:116877:32)
    at Object.map (tsserver.js:401:29)
    at convertToTree (tsserver.js:116877:32)
    at Object.map (tsserver.js:401:29)
    at convertToTree (tsserver.js:116877:32)
    at Object.map (tsserver.js:401:29)
    at convertToTree (tsserver.js:116877:32)
    at Object.map (tsserver.js:401:29)
    at convertToTree (tsserver.js:116877:32)
    at Object.map (tsserver.js:401:29)
    at convertToTree (tsserver.js:116877:32)
    at Object.map (tsserver.js:401:29)
    at convertToTree (tsserver.js:116877:32)
    at Object.map (tsserver.js:401:29)
    at convertToTree (tsserver.js:116877:32)
    at Object.map (tsserver.js:401:29)
    at convertToTree (tsserver.js:116877:32)
    at Object.map (tsserver.js:401:29)
    at convertToTree (tsserver.js:116877:32)
    at Object.map (tsserver.js:401:29)
    at convertToTree (tsserver.js:116877:32)
    at Object.map (tsserver.js:401:29)
    at convertToTree (tsserver.js:116877:32)
    at Object.map (tsserver.js:401:29)
    at convertToTree (tsserver.js:116877:32)
    at Object.map (tsserver.js:401:29)
    at convertToTree (tsserver.js:116877:32)
    at Object.map (tsserver.js:401:29)
    at convertToTree (tsserver.js:116877:32)
    at Object.map (tsserver.js:401:29)
    at convertToTree (tsserver.js:116877:32)
    at Object.map (tsserver.js:401:29)
    at convertToTree (tsserver.js:116877:32)
    at Object.map (tsserver.js:401:29)
    at convertToTree (tsserver.js:116877:32)
    at Object.map (tsserver.js:401:29)
    at convertToTree (tsserver.js:116877:32)
    at Object.map (tsserver.js:401:29)
    at convertToTree (tsserver.js:116877:32)
    at Object.map (tsserver.js:401:29)
    at convertToTree (tsserver.js:116877:32)
    at Object.map (tsserver.js:401:29)
    at convertToTree (tsserver.js:116877:32)
    at Object.map (tsserver.js:401:29)
    at convertToTree (tsserver.js:116877:32)
    at Object.map (tsserver.js:401:29)
    at convertToTree (tsserver.js:116877:32)
    at Object.map (tsserver.js:401:29)
    at convertToTree (tsserver.js:116877:32)
    at Object.map (tsserver.js:401:29)
    at convertToTree (tsserver.js:116877:32)
    at Object.map (tsserver.js:401:29)
    at convertToTree (tsserver.js:116877:32)
    at Object.map (tsserver.js:401:29)
    at convertToTree (tsserver.js:116877:32)
    at Object.map (tsserver.js:401:29)
    at convertToTree (tsserver.js:116877:32)
    at Object.map (tsserver.js:401:29)
    at convertToTree (tsserver.js:116877:32)
    at Object.map (tsserver.js:401:29)
    at convertToTree (tsserver.js:116877:32)
    at Object.map (tsserver.js:401:29)
    at convertToTree (tsserver.js:116877:32)
    at Object.map (tsserver.js:401:29)
    at convertToTree (tsserver.js:116877:32)
    at Object.map (tsserver.js:401:29)
    at convertToTree (tsserver.js:116877:32)
    at Object.map (tsserver.js:401:29)
    at convertToTree (tsserver.js:116877:32)
    at Object.map (tsserver.js:401:29)
    at convertToTree (tsserver.js:116877:32)
    at Object.map (tsserver.js:401:29)
    at convertToTree (tsserver.js:116877:32)
    at Object.map (tsserver.js:401:29)
    at convertToTree (tsserver.js:116877:32)
    at Object.map (tsserver.js:401:29)
    at convertToTree (tsserver.js:116877:32)
	at Function.create (/usr/share/code/resources/app/extensions/typescript-language-features/dist/extension.js:1:49958)
	at h.dispatchResponse (/usr/share/code/resources/app/extensions/typescript-language-features/dist/extension.js:1:216914)
	at h.dispatchMessage (/usr/share/code/resources/app/extensions/typescript-language-features/dist/extension.js:1:215832)
	at /usr/share/code/resources/app/extensions/typescript-language-features/dist/extension.js:1:215308
	at l.fire (/usr/share/code/resources/app/out/vs/workbench/services/extensions/node/extensionHostProcess.js:48:845)
	at t.Reader.onLengthData (/usr/share/code/resources/app/extensions/typescript-language-features/dist/extension.js:1:223870)
	at Socket.<anonymous> (/usr/share/code/resources/app/extensions/typescript-language-features/dist/extension.js:1:223518)
	at Socket.emit (events.js:203:13)
	at addChunk (_stream_readable.js:295:12)
	at readableAddChunk (_stream_readable.js:276:11)
	at Socket.Readable.push (_stream_readable.js:210:10)
	at Pipe.onStreamRead (internal/stream_base_commons.js:166:17)
[2020-03-31 20:56:55.265] [renderer1] [error] <syntax> TypeScript Server Error (3.8.3)
Maximum call stack size exceeded
RangeError: Maximum call stack size exceeded
    at String.replace (<anonymous>)
    at cleanText (tsserver.js:117016:25)
    at getItemName (tsserver.js:116775:28)
    at convertToTree (tsserver.js:116872:23)
    at Object.map (tsserver.js:401:29)
    at convertToTree (tsserver.js:116877:32)
    at Object.map (tsserver.js:401:29)
    at convertToTree (tsserver.js:116877:32)
    at Object.map (tsserver.js:401:29)
    at convertToTree (tsserver.js:116877:32)
    at Object.map (tsserver.js:401:29)
    at convertToTree (tsserver.js:116877:32)
    at Object.map (tsserver.js:401:29)
    at convertToTree (tsserver.js:116877:32)
    at Object.map (tsserver.js:401:29)
    at convertToTree (tsserver.js:116877:32)
    at Object.map (tsserver.js:401:29)
    at convertToTree (tsserver.js:116877:32)
    at Object.map (tsserver.js:401:29)
    at convertToTree (tsserver.js:116877:32)
    at Object.map (tsserver.js:401:29)
    at convertToTree (tsserver.js:116877:32)
    at Object.map (tsserver.js:401:29)
    at convertToTree (tsserver.js:116877:32)
    at Object.map (tsserver.js:401:29)
    at convertToTree (tsserver.js:116877:32)
    at Object.map (tsserver.js:401:29)
    at convertToTree (tsserver.js:116877:32)
    at Object.map (tsserver.js:401:29)
    at convertToTree (tsserver.js:116877:32)
    at Object.map (tsserver.js:401:29)
    at convertToTree (tsserver.js:116877:32)
    at Object.map (tsserver.js:401:29)
    at convertToTree (tsserver.js:116877:32)
    at Object.map (tsserver.js:401:29)
    at convertToTree (tsserver.js:116877:32)
    at Object.map (tsserver.js:401:29)
    at convertToTree (tsserver.js:116877:32)
    at Object.map (tsserver.js:401:29)
    at convertToTree (tsserver.js:116877:32)
    at Object.map (tsserver.js:401:29)
    at convertToTree (tsserver.js:116877:32)
    at Object.map (tsserver.js:401:29)
    at convertToTree (tsserver.js:116877:32)
    at Object.map (tsserver.js:401:29)
    at convertToTree (tsserver.js:116877:32)
    at Object.map (tsserver.js:401:29)
    at convertToTree (tsserver.js:116877:32)
    at Object.map (tsserver.js:401:29)
    at convertToTree (tsserver.js:116877:32)
    at Object.map (tsserver.js:401:29)
    at convertToTree (tsserver.js:116877:32)
    at Object.map (tsserver.js:401:29)
    at convertToTree (tsserver.js:116877:32)
    at Object.map (tsserver.js:401:29)
    at convertToTree (tsserver.js:116877:32)
    at Object.map (tsserver.js:401:29)
    at convertToTree (tsserver.js:116877:32)
    at Object.map (tsserver.js:401:29)
    at convertToTree (tsserver.js:116877:32)
    at Object.map (tsserver.js:401:29)
    at convertToTree (tsserver.js:116877:32)
    at Object.map (tsserver.js:401:29)
    at convertToTree (tsserver.js:116877:32)
    at Object.map (tsserver.js:401:29)
    at convertToTree (tsserver.js:116877:32)
    at Object.map (tsserver.js:401:29)
    at convertToTree (tsserver.js:116877:32)
    at Object.map (tsserver.js:401:29)
    at convertToTree (tsserver.js:116877:32)
    at Object.map (tsserver.js:401:29)
    at convertToTree (tsserver.js:116877:32)
    at Object.map (tsserver.js:401:29)
    at convertToTree (tsserver.js:116877:32)
    at Object.map (tsserver.js:401:29)
    at convertToTree (tsserver.js:116877:32)
    at Object.map (tsserver.js:401:29)
    at convertToTree (tsserver.js:116877:32)
    at Object.map (tsserver.js:401:29)
    at convertToTree (tsserver.js:116877:32)
    at Object.map (tsserver.js:401:29)
    at convertToTree (tsserver.js:116877:32)
    at Object.map (tsserver.js:401:29)
    at convertToTree (tsserver.js:116877:32)
    at Object.map (tsserver.js:401:29)
    at convertToTree (tsserver.js:116877:32)
    at Object.map (tsserver.js:401:29)
    at convertToTree (tsserver.js:116877:32)
    at Object.map (tsserver.js:401:29)
    at convertToTree (tsserver.js:116877:32)
    at Object.map (tsserver.js:401:29)
    at convertToTree (tsserver.js:116877:32)
    at Object.map (tsserver.js:401:29)
    at convertToTree (tsserver.js:116877:32)
    at Object.map (tsserver.js:401:29)
    at convertToTree (tsserver.js:116877:32)
    at Object.map (tsserver.js:401:29)
    at convertToTree (tsserver.js:116877:32)
    at Object.map (tsserver.js:401:29)
    at convertToTree (tsserver.js:116877:32): Error: <syntax> TypeScript Server Error (3.8.3)
Maximum call stack size exceeded
RangeError: Maximum call stack size exceeded
    at String.replace (<anonymous>)
    at cleanText (tsserver.js:117016:25)
    at getItemName (tsserver.js:116775:28)
    at convertToTree (tsserver.js:116872:23)
    at Object.map (tsserver.js:401:29)
    at convertToTree (tsserver.js:116877:32)
    at Object.map (tsserver.js:401:29)
    at convertToTree (tsserver.js:116877:32)
    at Object.map (tsserver.js:401:29)
    at convertToTree (tsserver.js:116877:32)
    at Object.map (tsserver.js:401:29)
    at convertToTree (tsserver.js:116877:32)
    at Object.map (tsserver.js:401:29)
    at convertToTree (tsserver.js:116877:32)
    at Object.map (tsserver.js:401:29)
    at convertToTree (tsserver.js:116877:32)
    at Object.map (tsserver.js:401:29)
    at convertToTree (tsserver.js:116877:32)
    at Object.map (tsserver.js:401:29)
    at convertToTree (tsserver.js:116877:32)
    at Object.map (tsserver.js:401:29)
    at convertToTree (tsserver.js:116877:32)
    at Object.map (tsserver.js:401:29)
    at convertToTree (tsserver.js:116877:32)
    at Object.map (tsserver.js:401:29)
    at convertToTree (tsserver.js:116877:32)
    at Object.map (tsserver.js:401:29)
    at convertToTree (tsserver.js:116877:32)
    at Object.map (tsserver.js:401:29)
    at convertToTree (tsserver.js:116877:32)
    at Object.map (tsserver.js:401:29)
    at convertToTree (tsserver.js:116877:32)
    at Object.map (tsserver.js:401:29)
    at convertToTree (tsserver.js:116877:32)
    at Object.map (tsserver.js:401:29)
    at convertToTree (tsserver.js:116877:32)
    at Object.map (tsserver.js:401:29)
    at convertToTree (tsserver.js:116877:32)
    at Object.map (tsserver.js:401:29)
    at convertToTree (tsserver.js:116877:32)
    at Object.map (tsserver.js:401:29)
    at convertToTree (tsserver.js:116877:32)
    at Object.map (tsserver.js:401:29)
    at convertToTree (tsserver.js:116877:32)
    at Object.map (tsserver.js:401:29)
    at convertToTree (tsserver.js:116877:32)
    at Object.map (tsserver.js:401:29)
    at convertToTree (tsserver.js:116877:32)
    at Object.map (tsserver.js:401:29)
    at convertToTree (tsserver.js:116877:32)
    at Object.map (tsserver.js:401:29)
    at convertToTree (tsserver.js:116877:32)
    at Object.map (tsserver.js:401:29)
    at convertToTree (tsserver.js:116877:32)
    at Object.map (tsserver.js:401:29)
    at convertToTree (tsserver.js:116877:32)
    at Object.map (tsserver.js:401:29)
    at convertToTree (tsserver.js:116877:32)
    at Object.map (tsserver.js:401:29)
    at convertToTree (tsserver.js:116877:32)
    at Object.map (tsserver.js:401:29)
    at convertToTree (tsserver.js:116877:32)
    at Object.map (tsserver.js:401:29)
    at convertToTree (tsserver.js:116877:32)
    at Object.map (tsserver.js:401:29)
    at convertToTree (tsserver.js:116877:32)
    at Object.map (tsserver.js:401:29)
    at convertToTree (tsserver.js:116877:32)
    at Object.map (tsserver.js:401:29)
    at convertToTree (tsserver.js:116877:32)
    at Object.map (tsserver.js:401:29)
    at convertToTree (tsserver.js:116877:32)
    at Object.map (tsserver.js:401:29)
    at convertToTree (tsserver.js:116877:32)
    at Object.map (tsserver.js:401:29)
    at convertToTree (tsserver.js:116877:32)
    at Object.map (tsserver.js:401:29)
    at convertToTree (tsserver.js:116877:32)
    at Object.map (tsserver.js:401:29)
    at convertToTree (tsserver.js:116877:32)
    at Object.map (tsserver.js:401:29)
    at convertToTree (tsserver.js:116877:32)
    at Object.map (tsserver.js:401:29)
    at convertToTree (tsserver.js:116877:32)
    at Object.map (tsserver.js:401:29)
    at convertToTree (tsserver.js:116877:32)
    at Object.map (tsserver.js:401:29)
    at convertToTree (tsserver.js:116877:32)
    at Object.map (tsserver.js:401:29)
    at convertToTree (tsserver.js:116877:32)
    at Object.map (tsserver.js:401:29)
    at convertToTree (tsserver.js:116877:32)
    at Object.map (tsserver.js:401:29)
    at convertToTree (tsserver.js:116877:32)
    at Object.map (tsserver.js:401:29)
    at convertToTree (tsserver.js:116877:32)
    at Object.map (tsserver.js:401:29)
    at convertToTree (tsserver.js:116877:32)
    at Object.map (tsserver.js:401:29)
    at convertToTree (tsserver.js:116877:32)
	at Function.create (/usr/share/code/resources/app/extensions/typescript-language-features/dist/extension.js:1:49958)
	at h.dispatchResponse (/usr/share/code/resources/app/extensions/typescript-language-features/dist/extension.js:1:216914)
	at h.dispatchMessage (/usr/share/code/resources/app/extensions/typescript-language-features/dist/extension.js:1:215832)
	at /usr/share/code/resources/app/extensions/typescript-language-features/dist/extension.js:1:215308
	at l.fire (/usr/share/code/resources/app/out/vs/workbench/services/extensions/node/extensionHostProcess.js:48:845)
	at t.Reader.onLengthData (/usr/share/code/resources/app/extensions/typescript-language-features/dist/extension.js:1:223870)
	at Socket.<anonymous> (/usr/share/code/resources/app/extensions/typescript-language-features/dist/extension.js:1:223518)
	at Socket.emit (events.js:203:13)
	at addChunk (_stream_readable.js:295:12)
	at readableAddChunk (_stream_readable.js:276:11)
	at Socket.Readable.push (_stream_readable.js:210:10)
	at Pipe.onStreamRead (internal/stream_base_commons.js:166:17)
[2020-03-31 20:56:57.890] [renderer1] [error] <syntax> TypeScript Server Error (3.8.3)
Maximum call stack size exceeded
RangeError: Maximum call stack size exceeded
    at Object.createTextSpanFromNode (tsserver.js:106742:89)
    at getNodeSpan (tsserver.js:116939:95)
    at convertToTree (tsserver.js:116876:37)
    at Object.map (tsserver.js:401:29)
    at convertToTree (tsserver.js:116877:32)
    at Object.map (tsserver.js:401:29)
    at convertToTree (tsserver.js:116877:32)
    at Object.map (tsserver.js:401:29)
    at convertToTree (tsserver.js:116877:32)
    at Object.map (tsserver.js:401:29)
    at convertToTree (tsserver.js:116877:32)
    at Object.map (tsserver.js:401:29)
    at convertToTree (tsserver.js:116877:32)
    at Object.map (tsserver.js:401:29)
    at convertToTree (tsserver.js:116877:32)
    at Object.map (tsserver.js:401:29)
    at convertToTree (tsserver.js:116877:32)
    at Object.map (tsserver.js:401:29)
    at convertToTree (tsserver.js:116877:32)
    at Object.map (tsserver.js:401:29)
    at convertToTree (tsserver.js:116877:32)
    at Object.map (tsserver.js:401:29)
    at convertToTree (tsserver.js:116877:32)
    at Object.map (tsserver.js:401:29)
    at convertToTree (tsserver.js:116877:32)
    at Object.map (tsserver.js:401:29)
    at convertToTree (tsserver.js:116877:32)
    at Object.map (tsserver.js:401:29)
    at convertToTree (tsserver.js:116877:32)
    at Object.map (tsserver.js:401:29)
    at convertToTree (tsserver.js:116877:32)
    at Object.map (tsserver.js:401:29)
    at convertToTree (tsserver.js:116877:32)
    at Object.map (tsserver.js:401:29)
    at convertToTree (tsserver.js:116877:32)
    at Object.map (tsserver.js:401:29)
    at convertToTree (tsserver.js:116877:32)
    at Object.map (tsserver.js:401:29)
    at convertToTree (tsserver.js:116877:32)
    at Object.map (tsserver.js:401:29)
    at convertToTree (tsserver.js:116877:32)
    at Object.map (tsserver.js:401:29)
    at convertToTree (tsserver.js:116877:32)
    at Object.map (tsserver.js:401:29)
    at convertToTree (tsserver.js:116877:32)
    at Object.map (tsserver.js:401:29)
    at convertToTree (tsserver.js:116877:32)
    at Object.map (tsserver.js:401:29)
    at convertToTree (tsserver.js:116877:32)
    at Object.map (tsserver.js:401:29)
    at convertToTree (tsserver.js:116877:32)
    at Object.map (tsserver.js:401:29)
    at convertToTree (tsserver.js:116877:32)
    at Object.map (tsserver.js:401:29)
    at convertToTree (tsserver.js:116877:32)
    at Object.map (tsserver.js:401:29)
    at convertToTree (tsserver.js:116877:32)
    at Object.map (tsserver.js:401:29)
    at convertToTree (tsserver.js:116877:32)
    at Object.map (tsserver.js:401:29)
    at convertToTree (tsserver.js:116877:32)
    at Object.map (tsserver.js:401:29)
    at convertToTree (tsserver.js:116877:32)
    at Object.map (tsserver.js:401:29)
    at convertToTree (tsserver.js:116877:32)
    at Object.map (tsserver.js:401:29)
    at convertToTree (tsserver.js:116877:32)
    at Object.map (tsserver.js:401:29)
    at convertToTree (tsserver.js:116877:32)
    at Object.map (tsserver.js:401:29)
    at convertToTree (tsserver.js:116877:32)
    at Object.map (tsserver.js:401:29)
    at convertToTree (tsserver.js:116877:32)
    at Object.map (tsserver.js:401:29)
    at convertToTree (tsserver.js:116877:32)
    at Object.map (tsserver.js:401:29)
    at convertToTree (tsserver.js:116877:32)
    at Object.map (tsserver.js:401:29)
    at convertToTree (tsserver.js:116877:32)
    at Object.map (tsserver.js:401:29)
    at convertToTree (tsserver.js:116877:32)
    at Object.map (tsserver.js:401:29)
    at convertToTree (tsserver.js:116877:32)
    at Object.map (tsserver.js:401:29)
    at convertToTree (tsserver.js:116877:32)
    at Object.map (tsserver.js:401:29)
    at convertToTree (tsserver.js:116877:32)
    at Object.map (tsserver.js:401:29)
    at convertToTree (tsserver.js:116877:32)
    at Object.map (tsserver.js:401:29)
    at convertToTree (tsserver.js:116877:32)
    at Object.map (tsserver.js:401:29)
    at convertToTree (tsserver.js:116877:32)
    at Object.map (tsserver.js:401:29)
    at convertToTree (tsserver.js:116877:32)
    at Object.map (tsserver.js:401:29)
    at convertToTree (tsserver.js:116877:32)
    at Object.map (tsserver.js:401:29)
    at convertToTree (tsserver.js:116877:32)
    at Object.map (tsserver.js:401:29): Error: <syntax> TypeScript Server Error (3.8.3)
Maximum call stack size exceeded
RangeError: Maximum call stack size exceeded
    at Object.createTextSpanFromNode (tsserver.js:106742:89)
    at getNodeSpan (tsserver.js:116939:95)
    at convertToTree (tsserver.js:116876:37)
    at Object.map (tsserver.js:401:29)
    at convertToTree (tsserver.js:116877:32)
    at Object.map (tsserver.js:401:29)
    at convertToTree (tsserver.js:116877:32)
    at Object.map (tsserver.js:401:29)
    at convertToTree (tsserver.js:116877:32)
    at Object.map (tsserver.js:401:29)
    at convertToTree (tsserver.js:116877:32)
    at Object.map (tsserver.js:401:29)
    at convertToTree (tsserver.js:116877:32)
    at Object.map (tsserver.js:401:29)
    at convertToTree (tsserver.js:116877:32)
    at Object.map (tsserver.js:401:29)
    at convertToTree (tsserver.js:116877:32)
    at Object.map (tsserver.js:401:29)
    at convertToTree (tsserver.js:116877:32)
    at Object.map (tsserver.js:401:29)
    at convertToTree (tsserver.js:116877:32)
    at Object.map (tsserver.js:401:29)
    at convertToTree (tsserver.js:116877:32)
    at Object.map (tsserver.js:401:29)
    at convertToTree (tsserver.js:116877:32)
    at Object.map (tsserver.js:401:29)
    at convertToTree (tsserver.js:116877:32)
    at Object.map (tsserver.js:401:29)
    at convertToTree (tsserver.js:116877:32)
    at Object.map (tsserver.js:401:29)
    at convertToTree (tsserver.js:116877:32)
    at Object.map (tsserver.js:401:29)
    at convertToTree (tsserver.js:116877:32)
    at Object.map (tsserver.js:401:29)
    at convertToTree (tsserver.js:116877:32)
    at Object.map (tsserver.js:401:29)
    at convertToTree (tsserver.js:116877:32)
    at Object.map (tsserver.js:401:29)
    at convertToTree (tsserver.js:116877:32)
    at Object.map (tsserver.js:401:29)
    at convertToTree (tsserver.js:116877:32)
    at Object.map (tsserver.js:401:29)
    at convertToTree (tsserver.js:116877:32)
    at Object.map (tsserver.js:401:29)
    at convertToTree (tsserver.js:116877:32)
    at Object.map (tsserver.js:401:29)
    at convertToTree (tsserver.js:116877:32)
    at Object.map (tsserver.js:401:29)
    at convertToTree (tsserver.js:116877:32)
    at Object.map (tsserver.js:401:29)
    at convertToTree (tsserver.js:116877:32)
    at Object.map (tsserver.js:401:29)
    at convertToTree (tsserver.js:116877:32)
    at Object.map (tsserver.js:401:29)
    at convertToTree (tsserver.js:116877:32)
    at Object.map (tsserver.js:401:29)
    at convertToTree (tsserver.js:116877:32)
    at Object.map (tsserver.js:401:29)
    at convertToTree (tsserver.js:116877:32)
    at Object.map (tsserver.js:401:29)
    at convertToTree (tsserver.js:116877:32)
    at Object.map (tsserver.js:401:29)
    at convertToTree (tsserver.js:116877:32)
    at Object.map (tsserver.js:401:29)
    at convertToTree (tsserver.js:116877:32)
    at Object.map (tsserver.js:401:29)
    at convertToTree (tsserver.js:116877:32)
    at Object.map (tsserver.js:401:29)
    at convertToTree (tsserver.js:116877:32)
    at Object.map (tsserver.js:401:29)
    at convertToTree (tsserver.js:116877:32)
    at Object.map (tsserver.js:401:29)
    at convertToTree (tsserver.js:116877:32)
    at Object.map (tsserver.js:401:29)
    at convertToTree (tsserver.js:116877:32)
    at Object.map (tsserver.js:401:29)
    at convertToTree (tsserver.js:116877:32)
    at Object.map (tsserver.js:401:29)
    at convertToTree (tsserver.js:116877:32)
    at Object.map (tsserver.js:401:29)
    at convertToTree (tsserver.js:116877:32)
    at Object.map (tsserver.js:401:29)
    at convertToTree (tsserver.js:116877:32)
    at Object.map (tsserver.js:401:29)
    at convertToTree (tsserver.js:116877:32)
    at Object.map (tsserver.js:401:29)
    at convertToTree (tsserver.js:116877:32)
    at Object.map (tsserver.js:401:29)
    at convertToTree (tsserver.js:116877:32)
    at Object.map (tsserver.js:401:29)
    at convertToTree (tsserver.js:116877:32)
    at Object.map (tsserver.js:401:29)
    at convertToTree (tsserver.js:116877:32)
    at Object.map (tsserver.js:401:29)
    at convertToTree (tsserver.js:116877:32)
    at Object.map (tsserver.js:401:29)
    at convertToTree (tsserver.js:116877:32)
    at Object.map (tsserver.js:401:29)
    at convertToTree (tsserver.js:116877:32)
    at Object.map (tsserver.js:401:29)
	at Function.create (/usr/share/code/resources/app/extensions/typescript-language-features/dist/extension.js:1:49958)
	at h.dispatchResponse (/usr/share/code/resources/app/extensions/typescript-language-features/dist/extension.js:1:216914)
	at h.dispatchMessage (/usr/share/code/resources/app/extensions/typescript-language-features/dist/extension.js:1:215832)
	at /usr/share/code/resources/app/extensions/typescript-language-features/dist/extension.js:1:215308
	at l.fire (/usr/share/code/resources/app/out/vs/workbench/services/extensions/node/extensionHostProcess.js:48:845)
	at t.Reader.onLengthData (/usr/share/code/resources/app/extensions/typescript-language-features/dist/extension.js:1:223870)
	at Socket.<anonymous> (/usr/share/code/resources/app/extensions/typescript-language-features/dist/extension.js:1:223518)
	at Socket.emit (events.js:203:13)
	at addChunk (_stream_readable.js:295:12)
	at readableAddChunk (_stream_readable.js:276:11)
	at Socket.Readable.push (_stream_readable.js:210:10)
	at Pipe.onStreamRead (internal/stream_base_commons.js:166:17)
[2020-03-31 20:56:59.767] [renderer1] [error] <syntax> TypeScript Server Error (3.8.3)
Maximum call stack size exceeded
RangeError: Maximum call stack size exceeded
    at String.replace (<anonymous>)
    at cleanText (tsserver.js:117016:25)
    at getItemName (tsserver.js:116775:28)
    at convertToTree (tsserver.js:116872:23)
    at Object.map (tsserver.js:401:29)
    at convertToTree (tsserver.js:116877:32)
    at Object.map (tsserver.js:401:29)
    at convertToTree (tsserver.js:116877:32)
    at Object.map (tsserver.js:401:29)
    at convertToTree (tsserver.js:116877:32)
    at Object.map (tsserver.js:401:29)
    at convertToTree (tsserver.js:116877:32)
    at Object.map (tsserver.js:401:29)
    at convertToTree (tsserver.js:116877:32)
    at Object.map (tsserver.js:401:29)
    at convertToTree (tsserver.js:116877:32)
    at Object.map (tsserver.js:401:29)
    at convertToTree (tsserver.js:116877:32)
    at Object.map (tsserver.js:401:29)
    at convertToTree (tsserver.js:116877:32)
    at Object.map (tsserver.js:401:29)
    at convertToTree (tsserver.js:116877:32)
    at Object.map (tsserver.js:401:29)
    at convertToTree (tsserver.js:116877:32)
    at Object.map (tsserver.js:401:29)
    at convertToTree (tsserver.js:116877:32)
    at Object.map (tsserver.js:401:29)
    at convertToTree (tsserver.js:116877:32)
    at Object.map (tsserver.js:401:29)
    at convertToTree (tsserver.js:116877:32)
    at Object.map (tsserver.js:401:29)
    at convertToTree (tsserver.js:116877:32)
    at Object.map (tsserver.js:401:29)
    at convertToTree (tsserver.js:116877:32)
    at Object.map (tsserver.js:401:29)
    at convertToTree (tsserver.js:116877:32)
    at Object.map (tsserver.js:401:29)
    at convertToTree (tsserver.js:116877:32)
    at Object.map (tsserver.js:401:29)
    at convertToTree (tsserver.js:116877:32)
    at Object.map (tsserver.js:401:29)
    at convertToTree (tsserver.js:116877:32)
    at Object.map (tsserver.js:401:29)
    at convertToTree (tsserver.js:116877:32)
    at Object.map (tsserver.js:401:29)
    at convertToTree (tsserver.js:116877:32)
    at Object.map (tsserver.js:401:29)
    at convertToTree (tsserver.js:116877:32)
    at Object.map (tsserver.js:401:29)
    at convertToTree (tsserver.js:116877:32)
    at Object.map (tsserver.js:401:29)
    at convertToTree (tsserver.js:116877:32)
    at Object.map (tsserver.js:401:29)
    at convertToTree (tsserver.js:116877:32)
    at Object.map (tsserver.js:401:29)
    at convertToTree (tsserver.js:116877:32)
    at Object.map (tsserver.js:401:29)
    at convertToTree (tsserver.js:116877:32)
    at Object.map (tsserver.js:401:29)
    at convertToTree (tsserver.js:116877:32)
    at Object.map (tsserver.js:401:29)
    at convertToTree (tsserver.js:116877:32)
    at Object.map (tsserver.js:401:29)
    at convertToTree (tsserver.js:116877:32)
    at Object.map (tsserver.js:401:29)
    at convertToTree (tsserver.js:116877:32)
    at Object.map (tsserver.js:401:29)
    at convertToTree (tsserver.js:116877:32)
    at Object.map (tsserver.js:401:29)
    at convertToTree (tsserver.js:116877:32)
    at Object.map (tsserver.js:401:29)
    at convertToTree (tsserver.js:116877:32)
    at Object.map (tsserver.js:401:29)
    at convertToTree (tsserver.js:116877:32)
    at Object.map (tsserver.js:401:29)
    at convertToTree (tsserver.js:116877:32)
    at Object.map (tsserver.js:401:29)
    at convertToTree (tsserver.js:116877:32)
    at Object.map (tsserver.js:401:29)
    at convertToTree (tsserver.js:116877:32)
    at Object.map (tsserver.js:401:29)
    at convertToTree (tsserver.js:116877:32)
    at Object.map (tsserver.js:401:29)
    at convertToTree (tsserver.js:116877:32)
    at Object.map (tsserver.js:401:29)
    at convertToTree (tsserver.js:116877:32)
    at Object.map (tsserver.js:401:29)
    at convertToTree (tsserver.js:116877:32)
    at Object.map (tsserver.js:401:29)
    at convertToTree (tsserver.js:116877:32)
    at Object.map (tsserver.js:401:29)
    at convertToTree (tsserver.js:116877:32)
    at Object.map (tsserver.js:401:29)
    at convertToTree (tsserver.js:116877:32)
    at Object.map (tsserver.js:401:29)
    at convertToTree (tsserver.js:116877:32)
    at Object.map (tsserver.js:401:29)
    at convertToTree (tsserver.js:116877:32)
    at Object.map (tsserver.js:401:29)
    at convertToTree (tsserver.js:116877:32): Error: <syntax> TypeScript Server Error (3.8.3)
Maximum call stack size exceeded
RangeError: Maximum call stack size exceeded
    at String.replace (<anonymous>)
    at cleanText (tsserver.js:117016:25)
    at getItemName (tsserver.js:116775:28)
    at convertToTree (tsserver.js:116872:23)
    at Object.map (tsserver.js:401:29)
    at convertToTree (tsserver.js:116877:32)
    at Object.map (tsserver.js:401:29)
    at convertToTree (tsserver.js:116877:32)
    at Object.map (tsserver.js:401:29)
    at convertToTree (tsserver.js:116877:32)
    at Object.map (tsserver.js:401:29)
    at convertToTree (tsserver.js:116877:32)
    at Object.map (tsserver.js:401:29)
    at convertToTree (tsserver.js:116877:32)
    at Object.map (tsserver.js:401:29)
    at convertToTree (tsserver.js:116877:32)
    at Object.map (tsserver.js:401:29)
    at convertToTree (tsserver.js:116877:32)
    at Object.map (tsserver.js:401:29)
    at convertToTree (tsserver.js:116877:32)
    at Object.map (tsserver.js:401:29)
    at convertToTree (tsserver.js:116877:32)
    at Object.map (tsserver.js:401:29)
    at convertToTree (tsserver.js:116877:32)
    at Object.map (tsserver.js:401:29)
    at convertToTree (tsserver.js:116877:32)
    at Object.map (tsserver.js:401:29)
    at convertToTree (tsserver.js:116877:32)
    at Object.map (tsserver.js:401:29)
    at convertToTree (tsserver.js:116877:32)
    at Object.map (tsserver.js:401:29)
    at convertToTree (tsserver.js:116877:32)
    at Object.map (tsserver.js:401:29)
    at convertToTree (tsserver.js:116877:32)
    at Object.map (tsserver.js:401:29)
    at convertToTree (tsserver.js:116877:32)
    at Object.map (tsserver.js:401:29)
    at convertToTree (tsserver.js:116877:32)
    at Object.map (tsserver.js:401:29)
    at convertToTree (tsserver.js:116877:32)
    at Object.map (tsserver.js:401:29)
    at convertToTree (tsserver.js:116877:32)
    at Object.map (tsserver.js:401:29)
    at convertToTree (tsserver.js:116877:32)
    at Object.map (tsserver.js:401:29)
    at convertToTree (tsserver.js:116877:32)
    at Object.map (tsserver.js:401:29)
    at convertToTree (tsserver.js:116877:32)
    at Object.map (tsserver.js:401:29)
    at convertToTree (tsserver.js:116877:32)
    at Object.map (tsserver.js:401:29)
    at convertToTree (tsserver.js:116877:32)
    at Object.map (tsserver.js:401:29)
    at convertToTree (tsserver.js:116877:32)
    at Object.map (tsserver.js:401:29)
    at convertToTree (tsserver.js:116877:32)
    at Object.map (tsserver.js:401:29)
    at convertToTree (tsserver.js:116877:32)
    at Object.map (tsserver.js:401:29)
    at convertToTree (tsserver.js:116877:32)
    at Object.map (tsserver.js:401:29)
    at convertToTree (tsserver.js:116877:32)
    at Object.map (tsserver.js:401:29)
    at convertToTree (tsserver.js:116877:32)
    at Object.map (tsserver.js:401:29)
    at convertToTree (tsserver.js:116877:32)
    at Object.map (tsserver.js:401:29)
    at convertToTree (tsserver.js:116877:32)
    at Object.map (tsserver.js:401:29)
    at convertToTree (tsserver.js:116877:32)
    at Object.map (tsserver.js:401:29)
    at convertToTree (tsserver.js:116877:32)
    at Object.map (tsserver.js:401:29)
    at convertToTree (tsserver.js:116877:32)
    at Object.map (tsserver.js:401:29)
    at convertToTree (tsserver.js:116877:32)
    at Object.map (tsserver.js:401:29)
    at convertToTree (tsserver.js:116877:32)
    at Object.map (tsserver.js:401:29)
    at convertToTree (tsserver.js:116877:32)
    at Object.map (tsserver.js:401:29)
    at convertToTree (tsserver.js:116877:32)
    at Object.map (tsserver.js:401:29)
    at convertToTree (tsserver.js:116877:32)
    at Object.map (tsserver.js:401:29)
    at convertToTree (tsserver.js:116877:32)
    at Object.map (tsserver.js:401:29)
    at convertToTree (tsserver.js:116877:32)
    at Object.map (tsserver.js:401:29)
    at convertToTree (tsserver.js:116877:32)
    at Object.map (tsserver.js:401:29)
    at convertToTree (tsserver.js:116877:32)
    at Object.map (tsserver.js:401:29)
    at convertToTree (tsserver.js:116877:32)
    at Object.map (tsserver.js:401:29)
    at convertToTree (tsserver.js:116877:32)
    at Object.map (tsserver.js:401:29)
    at convertToTree (tsserver.js:116877:32)
    at Object.map (tsserver.js:401:29)
    at convertToTree (tsserver.js:116877:32)
	at Function.create (/usr/share/code/resources/app/extensions/typescript-language-features/dist/extension.js:1:49958)
	at h.dispatchResponse (/usr/share/code/resources/app/extensions/typescript-language-features/dist/extension.js:1:216914)
	at h.dispatchMessage (/usr/share/code/resources/app/extensions/typescript-language-features/dist/extension.js:1:215832)
	at /usr/share/code/resources/app/extensions/typescript-language-features/dist/extension.js:1:215308
	at l.fire (/usr/share/code/resources/app/out/vs/workbench/services/extensions/node/extensionHostProcess.js:48:845)
	at t.Reader.onLengthData (/usr/share/code/resources/app/extensions/typescript-language-features/dist/extension.js:1:223870)
	at Socket.<anonymous> (/usr/share/code/resources/app/extensions/typescript-language-features/dist/extension.js:1:223518)
	at Socket.emit (events.js:203:13)
	at addChunk (_stream_readable.js:295:12)
	at readableAddChunk (_stream_readable.js:276:11)
	at Socket.Readable.push (_stream_readable.js:210:10)
	at Pipe.onStreamRead (internal/stream_base_commons.js:166:17)
[2020-03-31 20:57:10.097] [renderer1] [error] <syntax> TypeScript Server Error (3.8.3)
Maximum call stack size exceeded
RangeError: Maximum call stack size exceeded
    at String.replace (<anonymous>)
    at cleanText (tsserver.js:117016:25)
    at getItemName (tsserver.js:116775:28)
    at convertToTree (tsserver.js:116872:23)
    at Object.map (tsserver.js:401:29)
    at convertToTree (tsserver.js:116877:32)
    at Object.map (tsserver.js:401:29)
    at convertToTree (tsserver.js:116877:32)
    at Object.map (tsserver.js:401:29)
    at convertToTree (tsserver.js:116877:32)
    at Object.map (tsserver.js:401:29)
    at convertToTree (tsserver.js:116877:32)
    at Object.map (tsserver.js:401:29)
    at convertToTree (tsserver.js:116877:32)
    at Object.map (tsserver.js:401:29)
    at convertToTree (tsserver.js:116877:32)
    at Object.map (tsserver.js:401:29)
    at convertToTree (tsserver.js:116877:32)
    at Object.map (tsserver.js:401:29)
    at convertToTree (tsserver.js:116877:32)
    at Object.map (tsserver.js:401:29)
    at convertToTree (tsserver.js:116877:32)
    at Object.map (tsserver.js:401:29)
    at convertToTree (tsserver.js:116877:32)
    at Object.map (tsserver.js:401:29)
    at convertToTree (tsserver.js:116877:32)
    at Object.map (tsserver.js:401:29)
    at convertToTree (tsserver.js:116877:32)
    at Object.map (tsserver.js:401:29)
    at convertToTree (tsserver.js:116877:32)
    at Object.map (tsserver.js:401:29)
    at convertToTree (tsserver.js:116877:32)
    at Object.map (tsserver.js:401:29)
    at convertToTree (tsserver.js:116877:32)
    at Object.map (tsserver.js:401:29)
    at convertToTree (tsserver.js:116877:32)
    at Object.map (tsserver.js:401:29)
    at convertToTree (tsserver.js:116877:32)
    at Object.map (tsserver.js:401:29)
    at convertToTree (tsserver.js:116877:32)
    at Object.map (tsserver.js:401:29)
    at convertToTree (tsserver.js:116877:32)
    at Object.map (tsserver.js:401:29)
    at convertToTree (tsserver.js:116877:32)
    at Object.map (tsserver.js:401:29)
    at convertToTree (tsserver.js:116877:32)
    at Object.map (tsserver.js:401:29)
    at convertToTree (tsserver.js:116877:32)
    at Object.map (tsserver.js:401:29)
    at convertToTree (tsserver.js:116877:32)
    at Object.map (tsserver.js:401:29)
    at convertToTree (tsserver.js:116877:32)
    at Object.map (tsserver.js:401:29)
    at convertToTree (tsserver.js:116877:32)
    at Object.map (tsserver.js:401:29)
    at convertToTree (tsserver.js:116877:32)
    at Object.map (tsserver.js:401:29)
    at convertToTree (tsserver.js:116877:32)
    at Object.map (tsserver.js:401:29)
    at convertToTree (tsserver.js:116877:32)
    at Object.map (tsserver.js:401:29)
    at convertToTree (tsserver.js:116877:32)
    at Object.map (tsserver.js:401:29)
    at convertToTree (tsserver.js:116877:32)
    at Object.map (tsserver.js:401:29)
    at convertToTree (tsserver.js:116877:32)
    at Object.map (tsserver.js:401:29)
    at convertToTree (tsserver.js:116877:32)
    at Object.map (tsserver.js:401:29)
    at convertToTree (tsserver.js:116877:32)
    at Object.map (tsserver.js:401:29)
    at convertToTree (tsserver.js:116877:32)
    at Object.map (tsserver.js:401:29)
    at convertToTree (tsserver.js:116877:32)
    at Object.map (tsserver.js:401:29)
    at convertToTree (tsserver.js:116877:32)
    at Object.map (tsserver.js:401:29)
    at convertToTree (tsserver.js:116877:32)
    at Object.map (tsserver.js:401:29)
    at convertToTree (tsserver.js:116877:32)
    at Object.map (tsserver.js:401:29)
    at convertToTree (tsserver.js:116877:32)
    at Object.map (tsserver.js:401:29)
    at convertToTree (tsserver.js:116877:32)
    at Object.map (tsserver.js:401:29)
    at convertToTree (tsserver.js:116877:32)
    at Object.map (tsserver.js:401:29)
    at convertToTree (tsserver.js:116877:32)
    at Object.map (tsserver.js:401:29)
    at convertToTree (tsserver.js:116877:32)
    at Object.map (tsserver.js:401:29)
    at convertToTree (tsserver.js:116877:32)
    at Object.map (tsserver.js:401:29)
    at convertToTree (tsserver.js:116877:32)
    at Object.map (tsserver.js:401:29)
    at convertToTree (tsserver.js:116877:32)
    at Object.map (tsserver.js:401:29)
    at convertToTree (tsserver.js:116877:32)
    at Object.map (tsserver.js:401:29)
    at convertToTree (tsserver.js:116877:32): Error: <syntax> TypeScript Server Error (3.8.3)
Maximum call stack size exceeded
RangeError: Maximum call stack size exceeded
    at String.replace (<anonymous>)
    at cleanText (tsserver.js:117016:25)
    at getItemName (tsserver.js:116775:28)
    at convertToTree (tsserver.js:116872:23)
    at Object.map (tsserver.js:401:29)
    at convertToTree (tsserver.js:116877:32)
    at Object.map (tsserver.js:401:29)
    at convertToTree (tsserver.js:116877:32)
    at Object.map (tsserver.js:401:29)
    at convertToTree (tsserver.js:116877:32)
    at Object.map (tsserver.js:401:29)
    at convertToTree (tsserver.js:116877:32)
    at Object.map (tsserver.js:401:29)
    at convertToTree (tsserver.js:116877:32)
    at Object.map (tsserver.js:401:29)
    at convertToTree (tsserver.js:116877:32)
    at Object.map (tsserver.js:401:29)
    at convertToTree (tsserver.js:116877:32)
    at Object.map (tsserver.js:401:29)
    at convertToTree (tsserver.js:116877:32)
    at Object.map (tsserver.js:401:29)
    at convertToTree (tsserver.js:116877:32)
    at Object.map (tsserver.js:401:29)
    at convertToTree (tsserver.js:116877:32)
    at Object.map (tsserver.js:401:29)
    at convertToTree (tsserver.js:116877:32)
    at Object.map (tsserver.js:401:29)
    at convertToTree (tsserver.js:116877:32)
    at Object.map (tsserver.js:401:29)
    at convertToTree (tsserver.js:116877:32)
    at Object.map (tsserver.js:401:29)
    at convertToTree (tsserver.js:116877:32)
    at Object.map (tsserver.js:401:29)
    at convertToTree (tsserver.js:116877:32)
    at Object.map (tsserver.js:401:29)
    at convertToTree (tsserver.js:116877:32)
    at Object.map (tsserver.js:401:29)
    at convertToTree (tsserver.js:116877:32)
    at Object.map (tsserver.js:401:29)
    at convertToTree (tsserver.js:116877:32)
    at Object.map (tsserver.js:401:29)
    at convertToTree (tsserver.js:116877:32)
    at Object.map (tsserver.js:401:29)
    at convertToTree (tsserver.js:116877:32)
    at Object.map (tsserver.js:401:29)
    at convertToTree (tsserver.js:116877:32)
    at Object.map (tsserver.js:401:29)
    at convertToTree (tsserver.js:116877:32)
    at Object.map (tsserver.js:401:29)
    at convertToTree (tsserver.js:116877:32)
    at Object.map (tsserver.js:401:29)
    at convertToTree (tsserver.js:116877:32)
    at Object.map (tsserver.js:401:29)
    at convertToTree (tsserver.js:116877:32)
    at Object.map (tsserver.js:401:29)
    at convertToTree (tsserver.js:116877:32)
    at Object.map (tsserver.js:401:29)
    at convertToTree (tsserver.js:116877:32)
    at Object.map (tsserver.js:401:29)
    at convertToTree (tsserver.js:116877:32)
    at Object.map (tsserver.js:401:29)
    at convertToTree (tsserver.js:116877:32)
    at Object.map (tsserver.js:401:29)
    at convertToTree (tsserver.js:116877:32)
    at Object.map (tsserver.js:401:29)
    at convertToTree (tsserver.js:116877:32)
    at Object.map (tsserver.js:401:29)
    at convertToTree (tsserver.js:116877:32)
    at Object.map (tsserver.js:401:29)
    at convertToTree (tsserver.js:116877:32)
    at Object.map (tsserver.js:401:29)
    at convertToTree (tsserver.js:116877:32)
    at Object.map (tsserver.js:401:29)
    at convertToTree (tsserver.js:116877:32)
    at Object.map (tsserver.js:401:29)
    at convertToTree (tsserver.js:116877:32)
    at Object.map (tsserver.js:401:29)
    at convertToTree (tsserver.js:116877:32)
    at Object.map (tsserver.js:401:29)
    at convertToTree (tsserver.js:116877:32)
    at Object.map (tsserver.js:401:29)
    at convertToTree (tsserver.js:116877:32)
    at Object.map (tsserver.js:401:29)
    at convertToTree (tsserver.js:116877:32)
    at Object.map (tsserver.js:401:29)
    at convertToTree (tsserver.js:116877:32)
    at Object.map (tsserver.js:401:29)
    at convertToTree (tsserver.js:116877:32)
    at Object.map (tsserver.js:401:29)
    at convertToTree (tsserver.js:116877:32)
    at Object.map (tsserver.js:401:29)
    at convertToTree (tsserver.js:116877:32)
    at Object.map (tsserver.js:401:29)
    at convertToTree (tsserver.js:116877:32)
    at Object.map (tsserver.js:401:29)
    at convertToTree (tsserver.js:116877:32)
    at Object.map (tsserver.js:401:29)
    at convertToTree (tsserver.js:116877:32)
    at Object.map (tsserver.js:401:29)
    at convertToTree (tsserver.js:116877:32)
	at Function.create (/usr/share/code/resources/app/extensions/typescript-language-features/dist/extension.js:1:49958)
	at h.dispatchResponse (/usr/share/code/resources/app/extensions/typescript-language-features/dist/extension.js:1:216914)
	at h.dispatchMessage (/usr/share/code/resources/app/extensions/typescript-language-features/dist/extension.js:1:215832)
	at /usr/share/code/resources/app/extensions/typescript-language-features/dist/extension.js:1:215308
	at l.fire (/usr/share/code/resources/app/out/vs/workbench/services/extensions/node/extensionHostProcess.js:48:845)
	at t.Reader.onLengthData (/usr/share/code/resources/app/extensions/typescript-language-features/dist/extension.js:1:223870)
	at Socket.<anonymous> (/usr/share/code/resources/app/extensions/typescript-language-features/dist/extension.js:1:223518)
	at Socket.emit (events.js:203:13)
	at addChunk (_stream_readable.js:295:12)
	at readableAddChunk (_stream_readable.js:276:11)
	at Socket.Readable.push (_stream_readable.js:210:10)
	at Pipe.onStreamRead (internal/stream_base_commons.js:166:17)
[2020-03-31 20:57:15.971] [renderer1] [error] <syntax> TypeScript Server Error (3.8.3)
Maximum call stack size exceeded
RangeError: Maximum call stack size exceeded
    at String.replace (<anonymous>)
    at cleanText (tsserver.js:117016:25)
    at getItemName (tsserver.js:116775:28)
    at convertToTree (tsserver.js:116872:23)
    at Object.map (tsserver.js:401:29)
    at convertToTree (tsserver.js:116877:32)
    at Object.map (tsserver.js:401:29)
    at convertToTree (tsserver.js:116877:32)
    at Object.map (tsserver.js:401:29)
    at convertToTree (tsserver.js:116877:32)
    at Object.map (tsserver.js:401:29)
    at convertToTree (tsserver.js:116877:32)
    at Object.map (tsserver.js:401:29)
    at convertToTree (tsserver.js:116877:32)
    at Object.map (tsserver.js:401:29)
    at convertToTree (tsserver.js:116877:32)
    at Object.map (tsserver.js:401:29)
    at convertToTree (tsserver.js:116877:32)
    at Object.map (tsserver.js:401:29)
    at convertToTree (tsserver.js:116877:32)
    at Object.map (tsserver.js:401:29)
    at convertToTree (tsserver.js:116877:32)
    at Object.map (tsserver.js:401:29)
    at convertToTree (tsserver.js:116877:32)
    at Object.map (tsserver.js:401:29)
    at convertToTree (tsserver.js:116877:32)
    at Object.map (tsserver.js:401:29)
    at convertToTree (tsserver.js:116877:32)
    at Object.map (tsserver.js:401:29)
    at convertToTree (tsserver.js:116877:32)
    at Object.map (tsserver.js:401:29)
    at convertToTree (tsserver.js:116877:32)
    at Object.map (tsserver.js:401:29)
    at convertToTree (tsserver.js:116877:32)
    at Object.map (tsserver.js:401:29)
    at convertToTree (tsserver.js:116877:32)
    at Object.map (tsserver.js:401:29)
    at convertToTree (tsserver.js:116877:32)
    at Object.map (tsserver.js:401:29)
    at convertToTree (tsserver.js:116877:32)
    at Object.map (tsserver.js:401:29)
    at convertToTree (tsserver.js:116877:32)
    at Object.map (tsserver.js:401:29)
    at convertToTree (tsserver.js:116877:32)
    at Object.map (tsserver.js:401:29)
    at convertToTree (tsserver.js:116877:32)
    at Object.map (tsserver.js:401:29)
    at convertToTree (tsserver.js:116877:32)
    at Object.map (tsserver.js:401:29)
    at convertToTree (tsserver.js:116877:32)
    at Object.map (tsserver.js:401:29)
    at convertToTree (tsserver.js:116877:32)
    at Object.map (tsserver.js:401:29)
    at convertToTree (tsserver.js:116877:32)
    at Object.map (tsserver.js:401:29)
    at convertToTree (tsserver.js:116877:32)
    at Object.map (tsserver.js:401:29)
    at convertToTree (tsserver.js:116877:32)
    at Object.map (tsserver.js:401:29)
    at convertToTree (tsserver.js:116877:32)
    at Object.map (tsserver.js:401:29)
    at convertToTree (tsserver.js:116877:32)
    at Object.map (tsserver.js:401:29)
    at convertToTree (tsserver.js:116877:32)
    at Object.map (tsserver.js:401:29)
    at convertToTree (tsserver.js:116877:32)
    at Object.map (tsserver.js:401:29)
    at convertToTree (tsserver.js:116877:32)
    at Object.map (tsserver.js:401:29)
    at convertToTree (tsserver.js:116877:32)
    at Object.map (tsserver.js:401:29)
    at convertToTree (tsserver.js:116877:32)
    at Object.map (tsserver.js:401:29)
    at convertToTree (tsserver.js:116877:32)
    at Object.map (tsserver.js:401:29)
    at convertToTree (tsserver.js:116877:32)
    at Object.map (tsserver.js:401:29)
    at convertToTree (tsserver.js:116877:32)
    at Object.map (tsserver.js:401:29)
    at convertToTree (tsserver.js:116877:32)
    at Object.map (tsserver.js:401:29)
    at convertToTree (tsserver.js:116877:32)
    at Object.map (tsserver.js:401:29)
    at convertToTree (tsserver.js:116877:32)
    at Object.map (tsserver.js:401:29)
    at convertToTree (tsserver.js:116877:32)
    at Object.map (tsserver.js:401:29)
    at convertToTree (tsserver.js:116877:32)
    at Object.map (tsserver.js:401:29)
    at convertToTree (tsserver.js:116877:32)
    at Object.map (tsserver.js:401:29)
    at convertToTree (tsserver.js:116877:32)
    at Object.map (tsserver.js:401:29)
    at convertToTree (tsserver.js:116877:32)
    at Object.map (tsserver.js:401:29)
    at convertToTree (tsserver.js:116877:32)
    at Object.map (tsserver.js:401:29)
    at convertToTree (tsserver.js:116877:32)
    at Object.map (tsserver.js:401:29)
    at convertToTree (tsserver.js:116877:32): Error: <syntax> TypeScript Server Error (3.8.3)
Maximum call stack size exceeded
RangeError: Maximum call stack size exceeded
    at String.replace (<anonymous>)
    at cleanText (tsserver.js:117016:25)
    at getItemName (tsserver.js:116775:28)
    at convertToTree (tsserver.js:116872:23)
    at Object.map (tsserver.js:401:29)
    at convertToTree (tsserver.js:116877:32)
    at Object.map (tsserver.js:401:29)
    at convertToTree (tsserver.js:116877:32)
    at Object.map (tsserver.js:401:29)
    at convertToTree (tsserver.js:116877:32)
    at Object.map (tsserver.js:401:29)
    at convertToTree (tsserver.js:116877:32)
    at Object.map (tsserver.js:401:29)
    at convertToTree (tsserver.js:116877:32)
    at Object.map (tsserver.js:401:29)
    at convertToTree (tsserver.js:116877:32)
    at Object.map (tsserver.js:401:29)
    at convertToTree (tsserver.js:116877:32)
    at Object.map (tsserver.js:401:29)
    at convertToTree (tsserver.js:116877:32)
    at Object.map (tsserver.js:401:29)
    at convertToTree (tsserver.js:116877:32)
    at Object.map (tsserver.js:401:29)
    at convertToTree (tsserver.js:116877:32)
    at Object.map (tsserver.js:401:29)
    at convertToTree (tsserver.js:116877:32)
    at Object.map (tsserver.js:401:29)
    at convertToTree (tsserver.js:116877:32)
    at Object.map (tsserver.js:401:29)
    at convertToTree (tsserver.js:116877:32)
    at Object.map (tsserver.js:401:29)
    at convertToTree (tsserver.js:116877:32)
    at Object.map (tsserver.js:401:29)
    at convertToTree (tsserver.js:116877:32)
    at Object.map (tsserver.js:401:29)
    at convertToTree (tsserver.js:116877:32)
    at Object.map (tsserver.js:401:29)
    at convertToTree (tsserver.js:116877:32)
    at Object.map (tsserver.js:401:29)
    at convertToTree (tsserver.js:116877:32)
    at Object.map (tsserver.js:401:29)
    at convertToTree (tsserver.js:116877:32)
    at Object.map (tsserver.js:401:29)
    at convertToTree (tsserver.js:116877:32)
    at Object.map (tsserver.js:401:29)
    at convertToTree (tsserver.js:116877:32)
    at Object.map (tsserver.js:401:29)
    at convertToTree (tsserver.js:116877:32)
    at Object.map (tsserver.js:401:29)
    at convertToTree (tsserver.js:116877:32)
    at Object.map (tsserver.js:401:29)
    at convertToTree (tsserver.js:116877:32)
    at Object.map (tsserver.js:401:29)
    at convertToTree (tsserver.js:116877:32)
    at Object.map (tsserver.js:401:29)
    at convertToTree (tsserver.js:116877:32)
    at Object.map (tsserver.js:401:29)
    at convertToTree (tsserver.js:116877:32)
    at Object.map (tsserver.js:401:29)
    at convertToTree (tsserver.js:116877:32)
    at Object.map (tsserver.js:401:29)
    at convertToTree (tsserver.js:116877:32)
    at Object.map (tsserver.js:401:29)
    at convertToTree (tsserver.js:116877:32)
    at Object.map (tsserver.js:401:29)
    at convertToTree (tsserver.js:116877:32)
    at Object.map (tsserver.js:401:29)
    at convertToTree (tsserver.js:116877:32)
    at Object.map (tsserver.js:401:29)
    at convertToTree (tsserver.js:116877:32)
    at Object.map (tsserver.js:401:29)
    at convertToTree (tsserver.js:116877:32)
    at Object.map (tsserver.js:401:29)
    at convertToTree (tsserver.js:116877:32)
    at Object.map (tsserver.js:401:29)
    at convertToTree (tsserver.js:116877:32)
    at Object.map (tsserver.js:401:29)
    at convertToTree (tsserver.js:116877:32)
    at Object.map (tsserver.js:401:29)
    at convertToTree (tsserver.js:116877:32)
    at Object.map (tsserver.js:401:29)
    at convertToTree (tsserver.js:116877:32)
    at Object.map (tsserver.js:401:29)
    at convertToTree (tsserver.js:116877:32)
    at Object.map (tsserver.js:401:29)
    at convertToTree (tsserver.js:116877:32)
    at Object.map (tsserver.js:401:29)
    at convertToTree (tsserver.js:116877:32)
    at Object.map (tsserver.js:401:29)
    at convertToTree (tsserver.js:116877:32)
    at Object.map (tsserver.js:401:29)
    at convertToTree (tsserver.js:116877:32)
    at Object.map (tsserver.js:401:29)
    at convertToTree (tsserver.js:116877:32)
    at Object.map (tsserver.js:401:29)
    at convertToTree (tsserver.js:116877:32)
    at Object.map (tsserver.js:401:29)
    at convertToTree (tsserver.js:116877:32)
    at Object.map (tsserver.js:401:29)
    at convertToTree (tsserver.js:116877:32)
	at Function.create (/usr/share/code/resources/app/extensions/typescript-language-features/dist/extension.js:1:49958)
	at h.dispatchResponse (/usr/share/code/resources/app/extensions/typescript-language-features/dist/extension.js:1:216914)
	at h.dispatchMessage (/usr/share/code/resources/app/extensions/typescript-language-features/dist/extension.js:1:215832)
	at /usr/share/code/resources/app/extensions/typescript-language-features/dist/extension.js:1:215308
	at l.fire (/usr/share/code/resources/app/out/vs/workbench/services/extensions/node/extensionHostProcess.js:48:845)
	at t.Reader.onLengthData (/usr/share/code/resources/app/extensions/typescript-language-features/dist/extension.js:1:223870)
	at Socket.<anonymous> (/usr/share/code/resources/app/extensions/typescript-language-features/dist/extension.js:1:223518)
	at Socket.emit (events.js:203:13)
	at addChunk (_stream_readable.js:295:12)
	at readableAddChunk (_stream_readable.js:276:11)
	at Socket.Readable.push (_stream_readable.js:210:10)
	at Pipe.onStreamRead (internal/stream_base_commons.js:166:17)
[2020-03-31 20:57:28.801] [renderer1] [error] <syntax> TypeScript Server Error (3.8.3)
Maximum call stack size exceeded
RangeError: Maximum call stack size exceeded
    at String.replace (<anonymous>)
    at cleanText (tsserver.js:117016:25)
    at getItemName (tsserver.js:116775:28)
    at convertToTree (tsserver.js:116872:23)
    at Object.map (tsserver.js:401:29)
    at convertToTree (tsserver.js:116877:32)
    at Object.map (tsserver.js:401:29)
    at convertToTree (tsserver.js:116877:32)
    at Object.map (tsserver.js:401:29)
    at convertToTree (tsserver.js:116877:32)
    at Object.map (tsserver.js:401:29)
    at convertToTree (tsserver.js:116877:32)
    at Object.map (tsserver.js:401:29)
    at convertToTree (tsserver.js:116877:32)
    at Object.map (tsserver.js:401:29)
    at convertToTree (tsserver.js:116877:32)
    at Object.map (tsserver.js:401:29)
    at convertToTree (tsserver.js:116877:32)
    at Object.map (tsserver.js:401:29)
    at convertToTree (tsserver.js:116877:32)
    at Object.map (tsserver.js:401:29)
    at convertToTree (tsserver.js:116877:32)
    at Object.map (tsserver.js:401:29)
    at convertToTree (tsserver.js:116877:32)
    at Object.map (tsserver.js:401:29)
    at convertToTree (tsserver.js:116877:32)
    at Object.map (tsserver.js:401:29)
    at convertToTree (tsserver.js:116877:32)
    at Object.map (tsserver.js:401:29)
    at convertToTree (tsserver.js:116877:32)
    at Object.map (tsserver.js:401:29)
    at convertToTree (tsserver.js:116877:32)
    at Object.map (tsserver.js:401:29)
    at convertToTree (tsserver.js:116877:32)
    at Object.map (tsserver.js:401:29)
    at convertToTree (tsserver.js:116877:32)
    at Object.map (tsserver.js:401:29)
    at convertToTree (tsserver.js:116877:32)
    at Object.map (tsserver.js:401:29)
    at convertToTree (tsserver.js:116877:32)
    at Object.map (tsserver.js:401:29)
    at convertToTree (tsserver.js:116877:32)
    at Object.map (tsserver.js:401:29)
    at convertToTree (tsserver.js:116877:32)
    at Object.map (tsserver.js:401:29)
    at convertToTree (tsserver.js:116877:32)
    at Object.map (tsserver.js:401:29)
    at convertToTree (tsserver.js:116877:32)
    at Object.map (tsserver.js:401:29)
    at convertToTree (tsserver.js:116877:32)
    at Object.map (tsserver.js:401:29)
    at convertToTree (tsserver.js:116877:32)
    at Object.map (tsserver.js:401:29)
    at convertToTree (tsserver.js:116877:32)
    at Object.map (tsserver.js:401:29)
    at convertToTree (tsserver.js:116877:32)
    at Object.map (tsserver.js:401:29)
    at convertToTree (tsserver.js:116877:32)
    at Object.map (tsserver.js:401:29)
    at convertToTree (tsserver.js:116877:32)
    at Object.map (tsserver.js:401:29)
    at convertToTree (tsserver.js:116877:32)
    at Object.map (tsserver.js:401:29)
    at convertToTree (tsserver.js:116877:32)
    at Object.map (tsserver.js:401:29)
    at convertToTree (tsserver.js:116877:32)
    at Object.map (tsserver.js:401:29)
    at convertToTree (tsserver.js:116877:32)
    at Object.map (tsserver.js:401:29)
    at convertToTree (tsserver.js:116877:32)
    at Object.map (tsserver.js:401:29)
    at convertToTree (tsserver.js:116877:32)
    at Object.map (tsserver.js:401:29)
    at convertToTree (tsserver.js:116877:32)
    at Object.map (tsserver.js:401:29)
    at convertToTree (tsserver.js:116877:32)
    at Object.map (tsserver.js:401:29)
    at convertToTree (tsserver.js:116877:32)
    at Object.map (tsserver.js:401:29)
    at convertToTree (tsserver.js:116877:32)
    at Object.map (tsserver.js:401:29)
    at convertToTree (tsserver.js:116877:32)
    at Object.map (tsserver.js:401:29)
    at convertToTree (tsserver.js:116877:32)
    at Object.map (tsserver.js:401:29)
    at convertToTree (tsserver.js:116877:32)
    at Object.map (tsserver.js:401:29)
    at convertToTree (tsserver.js:116877:32)
    at Object.map (tsserver.js:401:29)
    at convertToTree (tsserver.js:116877:32)
    at Object.map (tsserver.js:401:29)
    at convertToTree (tsserver.js:116877:32)
    at Object.map (tsserver.js:401:29)
    at convertToTree (tsserver.js:116877:32)
    at Object.map (tsserver.js:401:29)
    at convertToTree (tsserver.js:116877:32)
    at Object.map (tsserver.js:401:29)
    at convertToTree (tsserver.js:116877:32)
    at Object.map (tsserver.js:401:29)
    at convertToTree (tsserver.js:116877:32): Error: <syntax> TypeScript Server Error (3.8.3)
Maximum call stack size exceeded
RangeError: Maximum call stack size exceeded
    at String.replace (<anonymous>)
    at cleanText (tsserver.js:117016:25)
    at getItemName (tsserver.js:116775:28)
    at convertToTree (tsserver.js:116872:23)
    at Object.map (tsserver.js:401:29)
    at convertToTree (tsserver.js:116877:32)
    at Object.map (tsserver.js:401:29)
    at convertToTree (tsserver.js:116877:32)
    at Object.map (tsserver.js:401:29)
    at convertToTree (tsserver.js:116877:32)
    at Object.map (tsserver.js:401:29)
    at convertToTree (tsserver.js:116877:32)
    at Object.map (tsserver.js:401:29)
    at convertToTree (tsserver.js:116877:32)
    at Object.map (tsserver.js:401:29)
    at convertToTree (tsserver.js:116877:32)
    at Object.map (tsserver.js:401:29)
    at convertToTree (tsserver.js:116877:32)
    at Object.map (tsserver.js:401:29)
    at convertToTree (tsserver.js:116877:32)
    at Object.map (tsserver.js:401:29)
    at convertToTree (tsserver.js:116877:32)
    at Object.map (tsserver.js:401:29)
    at convertToTree (tsserver.js:116877:32)
    at Object.map (tsserver.js:401:29)
    at convertToTree (tsserver.js:116877:32)
    at Object.map (tsserver.js:401:29)
    at convertToTree (tsserver.js:116877:32)
    at Object.map (tsserver.js:401:29)
    at convertToTree (tsserver.js:116877:32)
    at Object.map (tsserver.js:401:29)
    at convertToTree (tsserver.js:116877:32)
    at Object.map (tsserver.js:401:29)
    at convertToTree (tsserver.js:116877:32)
    at Object.map (tsserver.js:401:29)
    at convertToTree (tsserver.js:116877:32)
    at Object.map (tsserver.js:401:29)
    at convertToTree (tsserver.js:116877:32)
    at Object.map (tsserver.js:401:29)
    at convertToTree (tsserver.js:116877:32)
    at Object.map (tsserver.js:401:29)
    at convertToTree (tsserver.js:116877:32)
    at Object.map (tsserver.js:401:29)
    at convertToTree (tsserver.js:116877:32)
    at Object.map (tsserver.js:401:29)
    at convertToTree (tsserver.js:116877:32)
    at Object.map (tsserver.js:401:29)
    at convertToTree (tsserver.js:116877:32)
    at Object.map (tsserver.js:401:29)
    at convertToTree (tsserver.js:116877:32)
    at Object.map (tsserver.js:401:29)
    at convertToTree (tsserver.js:116877:32)
    at Object.map (tsserver.js:401:29)
    at convertToTree (tsserver.js:116877:32)
    at Object.map (tsserver.js:401:29)
    at convertToTree (tsserver.js:116877:32)
    at Object.map (tsserver.js:401:29)
    at convertToTree (tsserver.js:116877:32)
    at Object.map (tsserver.js:401:29)
    at convertToTree (tsserver.js:116877:32)
    at Object.map (tsserver.js:401:29)
    at convertToTree (tsserver.js:116877:32)
    at Object.map (tsserver.js:401:29)
    at convertToTree (tsserver.js:116877:32)
    at Object.map (tsserver.js:401:29)
    at convertToTree (tsserver.js:116877:32)
    at Object.map (tsserver.js:401:29)
    at convertToTree (tsserver.js:116877:32)
    at Object.map (tsserver.js:401:29)
    at convertToTree (tsserver.js:116877:32)
    at Object.map (tsserver.js:401:29)
    at convertToTree (tsserver.js:116877:32)
    at Object.map (tsserver.js:401:29)
    at convertToTree (tsserver.js:116877:32)
    at Object.map (tsserver.js:401:29)
    at convertToTree (tsserver.js:116877:32)
    at Object.map (tsserver.js:401:29)
    at convertToTree (tsserver.js:116877:32)
    at Object.map (tsserver.js:401:29)
    at convertToTree (tsserver.js:116877:32)
    at Object.map (tsserver.js:401:29)
    at convertToTree (tsserver.js:116877:32)
    at Object.map (tsserver.js:401:29)
    at convertToTree (tsserver.js:116877:32)
    at Object.map (tsserver.js:401:29)
    at convertToTree (tsserver.js:116877:32)
    at Object.map (tsserver.js:401:29)
    at convertToTree (tsserver.js:116877:32)
    at Object.map (tsserver.js:401:29)
    at convertToTree (tsserver.js:116877:32)
    at Object.map (tsserver.js:401:29)
    at convertToTree (tsserver.js:116877:32)
    at Object.map (tsserver.js:401:29)
    at convertToTree (tsserver.js:116877:32)
    at Object.map (tsserver.js:401:29)
    at convertToTree (tsserver.js:116877:32)
    at Object.map (tsserver.js:401:29)
    at convertToTree (tsserver.js:116877:32)
    at Object.map (tsserver.js:401:29)
    at convertToTree (tsserver.js:116877:32)
	at Function.create (/usr/share/code/resources/app/extensions/typescript-language-features/dist/extension.js:1:49958)
	at h.dispatchResponse (/usr/share/code/resources/app/extensions/typescript-language-features/dist/extension.js:1:216914)
	at h.dispatchMessage (/usr/share/code/resources/app/extensions/typescript-language-features/dist/extension.js:1:215832)
	at /usr/share/code/resources/app/extensions/typescript-language-features/dist/extension.js:1:215308
	at l.fire (/usr/share/code/resources/app/out/vs/workbench/services/extensions/node/extensionHostProcess.js:48:845)
	at t.Reader.onLengthData (/usr/share/code/resources/app/extensions/typescript-language-features/dist/extension.js:1:223870)
	at Socket.<anonymous> (/usr/share/code/resources/app/extensions/typescript-language-features/dist/extension.js:1:223518)
	at Socket.emit (events.js:203:13)
	at addChunk (_stream_readable.js:295:12)
	at readableAddChunk (_stream_readable.js:276:11)
	at Socket.Readable.push (_stream_readable.js:210:10)
	at Pipe.onStreamRead (internal/stream_base_commons.js:166:17)
[2020-03-31 21:05:47.647] [renderer1] [warning] {"name":"Canceled"}
[2020-04-01 09:16:43.894] [renderer1] [warning] {"name":"Canceled"}
[2020-04-01 09:26:09.475] [renderer1] [warning] {"name":"Canceled"}
[2020-04-01 09:49:25.138] [renderer1] [warning] {"name":"Canceled"}
